<?xml version="1.0" encoding="UTF-8"?>
<testsuite xmlns:xsi="http://www.w3.org/2001/XMLSchema-instance" xsi:noNamespaceSchemaLocation="https://maven.apache.org/surefire/maven-surefire-plugin/xsd/surefire-test-report-3.0.xsd" version="3.0" name="pl.jkanclerz.creditcard.CreditCardTest" time="0.011" tests="7" errors="0" skipped="0" failures="0">
  <properties>
[...]
</properties>
  <testcase name="itAllowsToAssignCredit" classname="pl.jkanclerz.creditcard.CreditCardTest" time="0.003"/>
  <testcase name="itDenyCreditBelowThresholdV1" classname="pl.jkanclerz.creditcard.CreditCardTest" time="0.001"/>
  <testcase name="itDenyCreditBelowThresholdV2" classname="pl.jkanclerz.creditcard.CreditCardTest" time="0.001"/>
  <testcase name="itDenyCreditReassignment" classname="pl.jkanclerz.creditcard.CreditCardTest" time="0.001"/>
  <testcase name="itAllowsToPayForSomething" classname="pl.jkanclerz.creditcard.CreditCardTest" time="0.0"/>
  <testcase name="itAllowsToAssignCreditV2" classname="pl.jkanclerz.creditcard.CreditCardTest" time="0.0"/>
  <testcase name="itDenyWhenNotSufficientFounds" classname="pl.jkanclerz.creditcard.CreditCardTest" time="0.0"/>
</testsuite>